<?xml version="1.0" encoding="UTF-8"?>
<!-- Generated by org.testng.reporters.JUnitReportReporter -->
<testsuite hostname="DESKTOP-LPD2644" failures="0" tests="1" name="com.HapiFhir.fhirTestProject.TestHelloWorld" time="1.070" errors="0" timestamp="2023-10-17T23:39:54 IST" skipped="0">
  <testcase classname="com.HapiFhir.fhirTestProject.TestHelloWorld" name="test" time="1.070"/>
</testsuite> <!-- com.HapiFhir.fhirTestProject.TestHelloWorld -->
