<?xml version="1.0" encoding="UTF-8"?>
<!-- Generated by org.testng.reporters.JUnitReportReporter -->
<testsuite hostname="DESKTOP-LPD2644" failures="0" tests="1" name="com.HapiFhir.fhirTestProject.AppTest" time="0.001" errors="0" timestamp="2023-10-17T23:39:55 IST" skipped="0">
  <testcase classname="com.HapiFhir.fhirTestProject.AppTest" name="testApp" time="0.001"/>
</testsuite> <!-- com.HapiFhir.fhirTestProject.AppTest -->
